Removed Pin From Net: NetName=VCC Pin=J?-1
Change Component Designator: OldDesignator=* NewDesignator=*1
Change Component Designator: OldDesignator=J? NewDesignator=J1
Change Component Designator: OldDesignator=L? NewDesignator=L1
Change Component Designator: OldDesignator=L? NewDesignator=L2
Change Component Designator: OldDesignator=L? NewDesignator=L3
Change Component Designator: OldDesignator=L? NewDesignator=L4
Change Component Designator: OldDesignator=LED? NewDesignator=LED1
Change Component Designator: OldDesignator=LED? NewDesignator=LED2
Change Component Designator: OldDesignator=LED? NewDesignator=LED3
Change Component Designator: OldDesignator=LED? NewDesignator=LED4
Change Component Designator: OldDesignator=P? NewDesignator=P1
Change Component Designator: OldDesignator=SW? NewDesignator=SW1
Add Component: Footprint Not Found PAD_0.4X0.6
Add Component: Footprint Not Found PAD_0.4X0.6
Add Component: Footprint Not Found PAD_0.4X0.6
Add Component: Footprint Not Found PAD_0.4X0.6
Add Component: Footprint Not Found PAD_0.4X0.6
Add Pin To Net: Unknown Pin: Pin C1-1
Add Pin To Net: Unknown Pin: Pin C1-2
Add Pin To Net: Unknown Pin: Pin C2-1
Add Pin To Net: Unknown Pin: Pin C2-2
Add Pin To Net: Unknown Pin: Pin C3-1
Add Pin To Net: Unknown Pin: Pin C4-1
Add Pin To Net: Unknown Pin: Pin C5-1
Add Pin To Net: Unknown Pin: Pin C6-1
Added Pin To Net: NetName=NetJ?_1 Pin=J1-1
Add Pin To Net: Unknown Pin: Pin J2-1
Add Pin To Net: Unknown Pin: Pin J3-1
Add Pin To Net: Unknown Pin: Pin J6-1
Add Pin To Net: Unknown Pin: Pin R1-2
Add Pin To Net: Unknown Pin: Pin R2-2
Add Pin To Net: Unknown Pin: Pin R3-1
Add Pin To Net: Unknown Pin: Pin R4-1
Add Pin To Net: Unknown Pin: Pin R5-1
Add Pin To Net: Unknown Pin: Pin R5-2
Change Net Name : Old Net Name=Net*_2 New Net Name=Net*1_2
Change Net Name : Old Net Name=Net*_3 New Net Name=Net*1_3
Change Net Name : Old Net Name=Net*_4 New Net Name=Net*1_4
Change Net Name : Old Net Name=Net*_5 New Net Name=Net*1_5
Change Net Name : Old Net Name=Net*_6 New Net Name=Net*1_6
Change Net Name : Old Net Name=Net*_11 New Net Name=Net*1_11
Change Net Name : Old Net Name=Net*_20 New Net Name=Net*1_20
Change Net Name : Old Net Name=Net*_24 New Net Name=Net*1_24
Change Net Name : Old Net Name=NetJ?_1 New Net Name=NetJ1_1
Added Pin To Net: NetName=Net*1_12 Pin=*1-12
Added Net: Name=Net*1_12
Added Pin To Net: NetName=Net*1_13 Pin=*1-13
Added Net: Name=Net*1_13
Added Pin To Net: NetName=Net*1_16 Pin=*1-16
Added Pin To Net: NetName=Net*1_16 Pin=*1-19
Added Net: Name=Net*1_16
Added Pin To Net: NetName=Net*1_17 Pin=*1-17
Added Pin To Net: NetName=Net*1_17 Pin=*1-18
Added Net: Name=Net*1_17
Added Pin To Net: NetName=Net*1_22 Pin=*1-22
Added Pin To Net: NetName=Net*1_22 Pin=*1-23
Added Net: Name=Net*1_22
Added Pin To Net: NetName=NetJ1_A5 Pin=J1-A5
Added Net: Name=NetJ1_A5
Added Pin To Net: NetName=NetJ1_B5 Pin=J1-B5
Added Net: Name=NetJ1_B5
Added Net: Name=NetJ4_1
Add Class Member: Failed to add class member : Component C1 Capacitor
Add Class Member: Failed to add class member : Component C2 Capacitor
Add Class Member: Failed to add class member : Component C3 Capacitor
Add Class Member: Failed to add class member : Component C4 Capacitor
Add Class Member: Failed to add class member : Component C5 Capacitor
Add Class Member: Failed to add class member : Component C6 Capacitor
Add Class Member: Failed to add class member : Component J2 PAD_AWG_22
Add Class Member: Failed to add class member : Component J3 PAD_AWG_22
Add Class Member: Failed to add class member : Component J4 PAD_AWG_22
Add Class Member: Failed to add class member : Component J5 PAD_AWG_22
Add Class Member: Failed to add class member : Component J6 PAD_AWG_22
Added Member To Class: ClassName=Sheet2 Member=Component L1 SRN3015-1R0Y
Added Member To Class: ClassName=Sheet2 Member=Component L2 SRN3015-1R0Y
Added Member To Class: ClassName=Sheet2 Member=Component L3 SRN3015-1R0Y
Added Member To Class: ClassName=Sheet2 Member=Component LED1 QBLP595-IB
Added Member To Class: ClassName=Sheet2 Member=Component LED2 QBLP595-IB
Added Member To Class: ClassName=Sheet2 Member=Component LED3 QBLP595-IB
Add Class Member: Failed to add class member : Component R1 Resistor
Add Class Member: Failed to add class member : Component R2 Resistor
Add Class Member: Failed to add class member : Component R3 Resistor
Add Class Member: Failed to add class member : Component R4 Resistor
Add Class Member: Failed to add class member : Component R5 Resistor
